[2023-04-14 08:58:39.909] [exthost] [info] extension host started
[2023-04-14 08:58:39.950] [exthost] [info] extension host started
[2023-04-14 08:58:40.010] [exthost] [info] ExtensionService#_doActivateExtension vscode.grunt {"startup":false,"extensionId":{"value":"vscode.grunt","_lower":"vscode.grunt"},"activationEvent":"onCommand:workbench.action.tasks.runTask"}
[2023-04-14 08:58:40.012] [exthost] [info] ExtensionService#loadCommonJSModule file:///c:/Users/nuriapp/Downloads/sts-4.9.0.RELEASE/plugins/com.genuitec.eclipse.code.engine.app.win32.x86_64_3.6.0.202002212104/engine/resources/app/extensions/grunt/dist/main
[2023-04-14 08:58:40.124] [exthost] [info] ExtensionService#_doActivateExtension vscode.gulp {"startup":false,"extensionId":{"value":"vscode.gulp","_lower":"vscode.gulp"},"activationEvent":"onCommand:workbench.action.tasks.runTask"}
[2023-04-14 08:58:40.124] [exthost] [info] ExtensionService#loadCommonJSModule file:///c:/Users/nuriapp/Downloads/sts-4.9.0.RELEASE/plugins/com.genuitec.eclipse.code.engine.app.win32.x86_64_3.6.0.202002212104/engine/resources/app/extensions/gulp/dist/main
[2023-04-14 08:58:40.215] [exthost] [info] ExtensionService#_doActivateExtension vscode.jake {"startup":false,"extensionId":{"value":"vscode.jake","_lower":"vscode.jake"},"activationEvent":"onCommand:workbench.action.tasks.runTask"}
[2023-04-14 08:58:40.215] [exthost] [info] ExtensionService#loadCommonJSModule file:///c:/Users/nuriapp/Downloads/sts-4.9.0.RELEASE/plugins/com.genuitec.eclipse.code.engine.app.win32.x86_64_3.6.0.202002212104/engine/resources/app/extensions/jake/dist/main
[2023-04-14 08:58:40.310] [exthost] [info] ExtensionService#_doActivateExtension vscode.npm {"startup":false,"extensionId":{"value":"vscode.npm","_lower":"vscode.npm"},"activationEvent":"onCommand:workbench.action.tasks.runTask"}
[2023-04-14 08:58:40.310] [exthost] [info] ExtensionService#loadCommonJSModule file:///c:/Users/nuriapp/Downloads/sts-4.9.0.RELEASE/plugins/com.genuitec.eclipse.code.engine.app.win32.x86_64_3.6.0.202002212104/engine/resources/app/extensions/npm/dist/main
[2023-04-14 08:58:40.495] [exthost] [info] ExtensionService#_doActivateExtension vscode.typescript-language-features {"startup":false,"extensionId":{"value":"vscode.typescript-language-features","_lower":"vscode.typescript-language-features"},"activationEvent":"onCommand:workbench.action.tasks.runTask"}
[2023-04-14 08:58:40.496] [exthost] [info] ExtensionService#loadCommonJSModule file:///c:/Users/nuriapp/Downloads/sts-4.9.0.RELEASE/plugins/com.genuitec.eclipse.code.engine.app.win32.x86_64_3.6.0.202002212104/engine/resources/app/extensions/typescript-language-features/dist/extension
[2023-04-14 08:58:40.898] [exthost] [info] ExtensionService#_doActivateExtension HookyQR.beautify {"startup":true,"extensionId":{"value":"HookyQR.beautify","_lower":"hookyqr.beautify"},"activationEvent":"*"}
[2023-04-14 08:58:40.899] [exthost] [info] ExtensionService#loadCommonJSModule file:///c:/Users/nuriapp/Downloads/sts-4.9.0.RELEASE/plugins/pack.core.win_3.6.0.202007171759/HookyQR.beautify-1.4.11/extension
[2023-04-14 08:58:42.568] [exthost] [info] ExtensionService#_doActivateExtension christian-kohler.path-intellisense {"startup":true,"extensionId":{"value":"christian-kohler.path-intellisense","_lower":"christian-kohler.path-intellisense"},"activationEvent":"*"}
[2023-04-14 08:58:42.568] [exthost] [info] ExtensionService#loadCommonJSModule file:///c:/Users/nuriapp/Downloads/sts-4.9.0.RELEASE/plugins/pack.core.win_3.6.0.202007171759/christian-kohler.path-intellisense-1.4.2/out/src/extension
[2023-04-14 08:58:42.954] [exthost] [info] ExtensionService#_doActivateExtension dbaeumer.vscode-eslint {"startup":true,"extensionId":{"value":"dbaeumer.vscode-eslint","_lower":"dbaeumer.vscode-eslint"},"activationEvent":"*"}
[2023-04-14 08:58:42.954] [exthost] [info] ExtensionService#loadCommonJSModule file:///c:/Users/nuriapp/Downloads/sts-4.9.0.RELEASE/plugins/pack.core.win_3.6.0.202007171759/dbaeumer.vscode-eslint-1.9.0/client/out/extension
[2023-04-14 08:58:43.058] [exthost] [info] ExtensionService#_doActivateExtension vscode.debug-auto-launch {"startup":true,"extensionId":{"value":"vscode.debug-auto-launch","_lower":"vscode.debug-auto-launch"},"activationEvent":"*"}
[2023-04-14 08:58:43.058] [exthost] [info] ExtensionService#loadCommonJSModule file:///c:/Users/nuriapp/Downloads/sts-4.9.0.RELEASE/plugins/com.genuitec.eclipse.code.engine.app.win32.x86_64_3.6.0.202002212104/engine/resources/app/extensions/debug-auto-launch/dist/extension
[2023-04-14 08:58:43.127] [exthost] [info] ExtensionService#_doActivateExtension vscode.emmet {"startup":true,"extensionId":{"value":"vscode.emmet","_lower":"vscode.emmet"},"activationEvent":"*"}
[2023-04-14 08:58:43.127] [exthost] [info] ExtensionService#loadCommonJSModule file:///c:/Users/nuriapp/Downloads/sts-4.9.0.RELEASE/plugins/com.genuitec.eclipse.code.engine.app.win32.x86_64_3.6.0.202002212104/engine/resources/app/extensions/emmet/dist/extension
[2023-04-14 08:58:43.324] [exthost] [info] ExtensionService#_doActivateExtension formulahendry.auto-close-tag {"startup":true,"extensionId":{"value":"formulahendry.auto-close-tag","_lower":"formulahendry.auto-close-tag"},"activationEvent":"*"}
[2023-04-14 08:58:43.324] [exthost] [info] ExtensionService#loadCommonJSModule file:///c:/Users/nuriapp/Downloads/sts-4.9.0.RELEASE/plugins/pack.core.win_3.6.0.202007171759/formulahendry.auto-close-tag-0.5.6/out/src/extension
[2023-04-14 08:58:43.479] [exthost] [info] eager extensions activated
